
**** 07/24/18 11:34:29 *********** Evaluation PSpice (Nov 1999) **************

 * C:\Users\Bappy\Desktop\Schematic\Schematic8.sch


 ****     CIRCUIT DESCRIPTION


******************************************************************************




* Schematics Version 9.1 - Web Update 1
* Tue Jul 24 11:34:25 2018



** Analysis setup **
.DC LIN V_V1 0 20 2 
.OP 


* From [PSPICE NETLIST] section of pspiceev.ini:
.lib "nom.lib"

.INC "Schematic8.net"

**** INCLUDING Schematic8.net ****
* Schematics Netlist *



R_R1         $N_0001 0  1k  
V_V1         $N_0001 0 10V

**** RESUMING Schematic8.cir ****
.INC "Schematic8.als"



**** INCLUDING Schematic8.als ****
* Schematics Aliases *

.ALIASES
R_R1            R1(1=$N_0001 2=0 )
V_V1            V1(+=$N_0001 -=0 )
.ENDALIASES


**** RESUMING Schematic8.cir ****
.probe


.END

**** 07/24/18 11:34:29 *********** Evaluation PSpice (Nov 1999) **************

 * C:\Users\Bappy\Desktop\Schematic\Schematic8.sch


 ****     SMALL SIGNAL BIAS SOLUTION       TEMPERATURE =   27.000 DEG C


******************************************************************************



 NODE   VOLTAGE     NODE   VOLTAGE     NODE   VOLTAGE     NODE   VOLTAGE


($N_0001)   10.0000                   




    VOLTAGE SOURCE CURRENTS
    NAME         CURRENT

    V_V1        -1.000E-02

    TOTAL POWER DISSIPATION   1.00E-01  WATTS


**** 07/24/18 11:34:29 *********** Evaluation PSpice (Nov 1999) **************

 * C:\Users\Bappy\Desktop\Schematic\Schematic8.sch


 ****     OPERATING POINT INFORMATION      TEMPERATURE =   27.000 DEG C


******************************************************************************





          JOB CONCLUDED

          TOTAL JOB TIME             .05
